#
# There is insufficient memory for the Java Runtime Environment to continue.
# Native memory allocation (malloc) failed to allocate 1048576 bytes for AllocateHeap
# Possible reasons:
#   The system is out of physical RAM or swap space
#   The process is running with CompressedOops enabled, and the Java Heap may be blocking the growth of the native heap
# Possible solutions:
#   Reduce memory load on the system
#   Increase physical memory or swap space
#   Check if swap backing store is full
#   Decrease Java heap size (-Xmx/-Xms)
#   Decrease number of Java threads
#   Decrease Java thread stack sizes (-Xss)
#   Set larger code cache with -XX:ReservedCodeCacheSize=
#   JVM is running with Unscaled Compressed Oops mode in which the Java heap is
#     placed in the first 4GB address space. The Java Heap base address is the
#     maximum limit for the native heap growth. Please use -XX:HeapBaseMinAddress
#     to set the Java Heap base and to place the Java Heap above 4GB virtual address.
# This output file may be truncated or incomplete.
#
#  Out of Memory Error (memory/allocation.inline.hpp:61), pid=22500, tid=0x00000000000053b0
#
# JRE version:  (8.0_201-b09) (build )
# Java VM: Java HotSpot(TM) 64-Bit Server VM (25.201-b09 mixed mode windows-amd64 compressed oops)
# Failed to write core dump. Minidumps are not enabled by default on client versions of Windows
#

---------------  T H R E A D  ---------------

Current thread (0x00000000032ae000):  JavaThread "Unknown thread" [_thread_in_vm, id=21424, stack(0x0000000003140000,0x0000000003240000)]

Stack: [0x0000000003140000,0x0000000003240000]
[error occurred during error reporting (printing stack bounds), id 0xc0000005]

Native frames: (J=compiled Java code, j=interpreted, Vv=VM code, C=native code)


---------------  P R O C E S S  ---------------

Java Threads: ( => current thread )

Other Threads:

=>0x00000000032ae000 (exited) JavaThread "Unknown thread" [_thread_in_vm, id=21424, stack(0x0000000003140000,0x0000000003240000)]

VM state:not at safepoint (normal execution)

VM Mutex/Monitor currently owned by a thread: None

heap address: 0x00000000ff000000, size: 16 MB, Compressed Oops mode: 32-bit
Narrow klass base: 0x0000000000000000, Narrow klass shift: 3
Compressed class space size: 1073741824 Address: 0x0000000100000000

Heap:
 PSYoungGen      total 4608K, used 81K [0x00000000ffb00000, 0x0000000100000000, 0x0000000100000000)
  eden space 4096K, 2% used [0x00000000ffb00000,0x00000000ffb147b8,0x00000000fff00000)
  from space 512K, 0% used [0x00000000fff80000,0x00000000fff80000,0x0000000100000000)
  to   space 512K, 0% used [0x00000000fff00000,0x00000000fff00000,0x00000000fff80000)
 ParOldGen       total 11264K, used 0K [0x00000000ff000000, 0x00000000ffb00000, 0x00000000ffb00000)
  object space 11264K, 0% used [0x00000000ff000000,0x00000000ff000000,0x00000000ffb00000)
 Metaspace       used 775K, capacity 4480K, committed 4480K, reserved 1056768K
  class space    used 76K, capacity 384K, committed 384K, reserved 1048576K

Card table byte_map: [0x0000000001530000,0x0000000001540000] byte_map_base: 0x0000000000d38000

Marking Bits: (ParMarkBitMap*) 0x00000000593b4ce0
 Begin Bits: [0x0000000002d10000, 0x0000000002d50000)
 End Bits:   [0x0000000002d50000, 0x0000000002d90000)

Polling page: 0x0000000001500000

CodeCache: size=245760Kb used=328Kb max_used=328Kb free=245431Kb
 bounds [0x00000000033b0000, 0x0000000003620000, 0x00000000123b0000]
 total_blobs=58 nmethods=0 adapters=38
 compilation: enabled

Compilation events (0 events):
No events

GC Heap History (0 events):
No events

Deoptimization events (0 events):
No events

Classes redefined (0 events):
No events

Internal exceptions (0 events):
No events

Events (10 events):
Event: 0.024 loading class java/lang/Short
Event: 0.024 loading class java/lang/Short done
Event: 0.024 loading class java/lang/Integer
Event: 0.024 loading class java/lang/Integer done
Event: 0.024 loading class java/lang/Long
Event: 0.025 loading class java/lang/Long done
Event: 0.027 loading class java/lang/NullPointerException
Event: 0.029 loading class java/lang/NullPointerException done
Event: 0.029 loading class java/lang/ArithmeticException
Event: 0.029 loading class java/lang/ArithmeticException done


Dynamic libraries:
0x00007ff7784a0000 - 0x00007ff7784d7000 	G:\java\bin\javaw.exe
0x00007ffdbf5a0000 - 0x00007ffdbf7a9000 	C:\WINDOWS\SYSTEM32\ntdll.dll
0x00007ffdbde50000 - 0x00007ffdbdf0d000 	C:\WINDOWS\System32\KERNEL32.DLL
0x00007ffdbcc00000 - 0x00007ffdbcf84000 	C:\WINDOWS\System32\KERNELBASE.dll
0x00007ffdbd3f0000 - 0x00007ffdbd49e000 	C:\WINDOWS\System32\ADVAPI32.dll
0x00007ffdbdce0000 - 0x00007ffdbdd83000 	C:\WINDOWS\System32\msvcrt.dll
0x00007ffdbd590000 - 0x00007ffdbd62e000 	C:\WINDOWS\System32\sechost.dll
0x00007ffdbdb40000 - 0x00007ffdbdc61000 	C:\WINDOWS\System32\RPCRT4.dll
0x00007ffdbf3b0000 - 0x00007ffdbf55d000 	C:\WINDOWS\System32\USER32.dll
0x00007ffdbd100000 - 0x00007ffdbd126000 	C:\WINDOWS\System32\win32u.dll
0x00007ffdbd500000 - 0x00007ffdbd52a000 	C:\WINDOWS\System32\GDI32.dll
0x00007ffdbd130000 - 0x00007ffdbd24e000 	C:\WINDOWS\System32\gdi32full.dll
0x00007ffdbcb60000 - 0x00007ffdbcbfd000 	C:\WINDOWS\System32\msvcp_win.dll
0x00007ffdbd2d0000 - 0x00007ffdbd3e1000 	C:\WINDOWS\System32\ucrtbase.dll
0x00007ffda5710000 - 0x00007ffda59b5000 	C:\WINDOWS\WinSxS\amd64_microsoft.windows.common-controls_6595b64144ccf1df_6.0.22000.120_none_9d947278b86cc467\COMCTL32.dll
0x00007ffdbdd90000 - 0x00007ffdbddc1000 	C:\WINDOWS\System32\IMM32.DLL
0x0000000059440000 - 0x0000000059511000 	G:\java\jre\bin\msvcr100.dll
0x0000000058b90000 - 0x0000000059434000 	G:\java\jre\bin\server\jvm.dll
0x00007ffdbdb30000 - 0x00007ffdbdb38000 	C:\WINDOWS\System32\PSAPI.DLL
0x00007ffda52d0000 - 0x00007ffda52d9000 	C:\WINDOWS\SYSTEM32\WSOCK32.dll
0x00007ffdb5c20000 - 0x00007ffdb5c2a000 	C:\WINDOWS\SYSTEM32\VERSION.dll
0x00007ffdb5c30000 - 0x00007ffdb5c63000 	C:\WINDOWS\SYSTEM32\WINMM.dll
0x00007ffdbdc70000 - 0x00007ffdbdcdf000 	C:\WINDOWS\System32\WS2_32.dll
0x00007ffdab190000 - 0x00007ffdab19f000 	G:\java\jre\bin\verify.dll
0x00007ffdaac40000 - 0x00007ffdaac69000 	G:\java\jre\bin\java.dll
0x00007ffda7cd0000 - 0x00007ffda7ce6000 	G:\java\jre\bin\zip.dll

VM Arguments:
jvm_args: -Xmx16m 
java_command: org.eclipse.jdt.internal.launching.support.LibraryDetector
java_class_path (initial): C:\Users\mtwooood\AppData\Roaming\Code\User\globalStorage\redhat.java\1.26.0\config_ss_win\org.eclipse.osgi\38\0\.cp\lib\launchingsupport.jar
Launcher Type: SUN_STANDARD

Environment Variables:
JAVA_HOME=G:\java
CLASSPATH=.;G:\java\lib\dt.jar;G:\java\lib\tools.jar
PATH=G:\openssl\OpenSSL-Win64\bin;F:\pyth11\Scripts\;F:\pyth11\;F:\pyth\Scripts\;F:\pyth\;G:\vmware\bin\;C:\Windows\system32;C:\Windows;C:\Windows\System32\Wbem;C:\Windows\System32\WindowsPowerShell\v1.0\;C:\Windows\System32\OpenSSH\;C:\Program Files\NVIDIA Corporation\NVIDIA NvDLISR;C:\WINDOWS\system32;C:\WINDOWS;C:\WINDOWS\System32\Wbem;C:\WINDOWS\System32\WindowsPowerShell\v1.0\;C:\WINDOWS\System32\OpenSSH\;C:\Program Files (x86)\NVIDIA Corporation\PhysX\Common;C:\Program Files\dotnet\;C:\Program Files (x86)\dotnet\;G:\mingw\bin;D:\Git\cmd;C:\Program Files (x86)\ZeroTier\One\;G:\java\bin;G:\java\jre\bin;G:\php\php-8.2.11-Win32-vs16-x64;F:\pyth;F:\pyth\Scripts;G:\mingw\var\lib\mingw-get\data;G:\bandzip\Bandizip\;G:\nodejs\;G:\android_studio\android_sdk\platform-tools;G:\nvim\nvim-win64\bin;C:\Program Files\Microsoft SQL Server\150\Tools\Binn\;C:\Users\mtwooood\AppData\Local\Microsoft\WindowsApps;E:\QQGame\Hall.57734\;D:\Microsoft VS Code\bin;E:\pycharm\PyCharm Community Edition 2023.2.3\bin;;C:\Users\mtwooood\AppData\Roaming\npm;G:\idea\IntelliJ IDEA Community Edition 2023.3.2\bin;;C:\Users\mtwooood\.dotnet\tools
USERNAME=mtwooood
OS=Windows_NT
PROCESSOR_IDENTIFIER=Intel64 Family 6 Model 165 Stepping 2, GenuineIntel



---------------  S Y S T E M  ---------------

OS: Windows 10.0 , 64 bit Build 22000 (10.0.22000.2538)

CPU:total 8 (initial active 8) (4 cores per cpu, 2 threads per core) family 6 model 165 stepping 2, cmov, cx8, fxsr, mmx, sse, sse2, sse3, ssse3, sse4.1, sse4.2, popcnt, avx, avx2, aes, clmul, erms, 3dnowpref, lzcnt, ht, tsc, tscinvbit, bmi1, bmi2, adx

Memory: 4k page, physical 16682800k(2966324k free), swap 34669356k(5732k free)

vm_info: Java HotSpot(TM) 64-Bit Server VM (25.201-b09) for windows-amd64 JRE (1.8.0_201-b09), built on Dec 15 2018 18:36:39 by "java_re" with MS VC++ 10.0 (VS2010)

time: Tue Jan 16 13:05:09 2024
timezone: 中国标准时间
elapsed time: 0 seconds (0d 0h 0m 0s)

