#
# There is insufficient memory for the Java Runtime Environment to continue.
# Native memory allocation (malloc) failed to allocate 508656 bytes for Chunk::new
# Possible reasons:
#   The system is out of physical RAM or swap space
#   The process is running with CompressedOops enabled, and the Java Heap may be blocking the growth of the native heap
# Possible solutions:
#   Reduce memory load on the system
#   Increase physical memory or swap space
#   Check if swap backing store is full
#   Decrease Java heap size (-Xmx/-Xms)
#   Decrease number of Java threads
#   Decrease Java thread stack sizes (-Xss)
#   Set larger code cache with -XX:ReservedCodeCacheSize=
#   JVM is running with Unscaled Compressed Oops mode in which the Java heap is
#     placed in the first 4GB address space. The Java Heap base address is the
#     maximum limit for the native heap growth. Please use -XX:HeapBaseMinAddress
#     to set the Java Heap base and to place the Java Heap above 4GB virtual address.
# This output file may be truncated or incomplete.
#
#  Out of Memory Error (arena.cpp:191), pid=11176, tid=20312
#
# JRE version: OpenJDK Runtime Environment Temurin-17.0.9+9 (17.0.9+9) (build 17.0.9+9)
# Java VM: OpenJDK 64-Bit Server VM Temurin-17.0.9+9 (17.0.9+9, mixed mode, tiered, compressed oops, compressed class ptrs, parallel gc, windows-amd64)
# No core dump will be written. Minidumps are not enabled by default on client versions of Windows
#

---------------  S U M M A R Y ------------

Command Line: --add-modules=ALL-SYSTEM --add-opens=java.base/java.util=ALL-UNNAMED --add-opens=java.base/java.lang=ALL-UNNAMED --add-opens=java.base/sun.nio.fs=ALL-UNNAMED -Declipse.application=org.eclipse.jdt.ls.core.id1 -Dosgi.bundles.defaultStartLevel=4 -Declipse.product=org.eclipse.jdt.ls.core.product -Djava.import.generatesMetadataFilesAtProjectRoot=false -DDetectVMInstallationsJob.disabled=true -Dfile.encoding=utf8 -XX:+UseParallelGC -XX:GCTimeRatio=4 -XX:AdaptiveSizePolicyWeight=90 -Dsun.zip.disableMemoryMapping=true -Xmx1G -Xms100m -Xlog:disable -javaagent:c:\Users\mtwooood\.vscode\extensions\redhat.java-1.26.0-win32-x64\lombok\lombok-1.18.31-3454.jar c:\Users\mtwooood\.vscode\extensions\redhat.java-1.26.0-win32-x64\server\plugins\org.eclipse.equinox.launcher_1.6.700.v20231214-2017.jar -configuration c:\Users\mtwooood\AppData\Roaming\Code\User\globalStorage\redhat.java\1.26.0\config_ss_win -data c:\Users\mtwooood\AppData\Roaming\Code\User\workspaceStorage\ef6047e940240b52a87e6511b6b738c2\redhat.java\ss_ws --stdio

Host: Intel(R) Core(TM) i5-10200H CPU @ 2.40GHz, 8 cores, 15G,  Windows 11 , 64 bit Build 22000 (10.0.22000.2538)
Time: Tue Jan 16 11:20:03 2024  Windows 11 , 64 bit Build 22000 (10.0.22000.2538) elapsed time: 0.774972 seconds (0d 0h 0m 0s)

---------------  T H R E A D  ---------------

Current thread (0x00000205fba17650):  JavaThread "C2 CompilerThread1" daemon [_thread_in_native, id=20312, stack(0x000000384e000000,0x000000384e100000)]


Current CompileTask:
C2:    775 1103       4       jdk.internal.jimage.ImageLocation::verify (218 bytes)

Stack: [0x000000384e000000,0x000000384e100000]
Native frames: (J=compiled Java code, j=interpreted, Vv=VM code, C=native code)
V  [jvm.dll+0x67cf49]
V  [jvm.dll+0x83478a]
V  [jvm.dll+0x83624e]
V  [jvm.dll+0x8368b3]
V  [jvm.dll+0x247f1f]
V  [jvm.dll+0xac43c]
V  [jvm.dll+0xaca8c]
V  [jvm.dll+0x367067]
V  [jvm.dll+0x1bd722]
V  [jvm.dll+0x21a709]
V  [jvm.dll+0x2199d1]
V  [jvm.dll+0x1a57cd]
V  [jvm.dll+0x2297ae]
V  [jvm.dll+0x22797c]
V  [jvm.dll+0x7e9877]
V  [jvm.dll+0x7e3c3a]
V  [jvm.dll+0x67be35]
C  [ucrtbase.dll+0x26c0c]
C  [KERNEL32.DLL+0x153e0]
C  [ntdll.dll+0x485b]


---------------  P R O C E S S  ---------------

Threads class SMR info:
_java_thread_list=0x00000205fc8a3f00, length=14, elements={
0x00000205e27ad7a0, 0x00000205e286e210, 0x00000205fb8c37b0, 0x00000205f664b590,
0x00000205f664c120, 0x00000205fb9057b0, 0x00000205fb90d0b0, 0x00000205fb9111b0,
0x00000205fb911ac0, 0x00000205fb91aba0, 0x00000205fb9957a0, 0x00000205fba17650,
0x00000205fbc75ab0, 0x00000205fcbeb020
}

Java Threads: ( => current thread )
  0x00000205e27ad7a0 JavaThread "main" [_thread_in_vm, id=33536, stack(0x000000384d300000,0x000000384d400000)]
  0x00000205e286e210 JavaThread "Reference Handler" daemon [_thread_blocked, id=7264, stack(0x000000384d600000,0x000000384d700000)]
  0x00000205fb8c37b0 JavaThread "Finalizer" daemon [_thread_blocked, id=15828, stack(0x000000384d700000,0x000000384d800000)]
  0x00000205f664b590 JavaThread "Signal Dispatcher" daemon [_thread_blocked, id=20144, stack(0x000000384d800000,0x000000384d900000)]
  0x00000205f664c120 JavaThread "Attach Listener" daemon [_thread_blocked, id=26704, stack(0x000000384d900000,0x000000384da00000)]
  0x00000205fb9057b0 JavaThread "Service Thread" daemon [_thread_blocked, id=28112, stack(0x000000384da00000,0x000000384db00000)]
  0x00000205fb90d0b0 JavaThread "Monitor Deflation Thread" daemon [_thread_blocked, id=14608, stack(0x000000384db00000,0x000000384dc00000)]
  0x00000205fb9111b0 JavaThread "C2 CompilerThread0" daemon [_thread_blocked, id=19160, stack(0x000000384dc00000,0x000000384dd00000)]
  0x00000205fb911ac0 JavaThread "C1 CompilerThread0" daemon [_thread_in_vm, id=27212, stack(0x000000384dd00000,0x000000384de00000)]
  0x00000205fb91aba0 JavaThread "Sweeper thread" daemon [_thread_blocked, id=31896, stack(0x000000384de00000,0x000000384df00000)]
  0x00000205fb9957a0 JavaThread "Common-Cleaner" daemon [_thread_blocked, id=28876, stack(0x000000384df00000,0x000000384e000000)]
=>0x00000205fba17650 JavaThread "C2 CompilerThread1" daemon [_thread_in_native, id=20312, stack(0x000000384e000000,0x000000384e100000)]
  0x00000205fbc75ab0 JavaThread "Notification Thread" daemon [_thread_blocked, id=30520, stack(0x000000384e100000,0x000000384e200000)]
  0x00000205fcbeb020 JavaThread "C2 CompilerThread2" daemon [_thread_blocked, id=26724, stack(0x000000384e300000,0x000000384e400000)]

Other Threads:
  0x00000205f663f410 VMThread "VM Thread" [stack: 0x000000384d500000,0x000000384d600000] [id=14488]
  0x00000205fbc75f90 WatcherThread [stack: 0x000000384e200000,0x000000384e300000] [id=5160]
  0x00000205e27c2960 GCTaskThread "GC Thread#0" [stack: 0x000000384d400000,0x000000384d500000] [id=13768]
  0x00000205fcdf7030 GCTaskThread "GC Thread#1" [stack: 0x000000384e400000,0x000000384e500000] [id=18688]
  0x00000205fccd9890 GCTaskThread "GC Thread#2" [stack: 0x000000384e500000,0x000000384e600000] [id=18832]
  0x00000205fccd9b50 GCTaskThread "GC Thread#3" [stack: 0x000000384e600000,0x000000384e700000] [id=5964]
  0x00000205fd0ec3b0 GCTaskThread "GC Thread#4" [stack: 0x000000384e700000,0x000000384e800000] [id=18604]
  0x00000205fd0ec670 GCTaskThread "GC Thread#5" [stack: 0x000000384e800000,0x000000384e900000] [id=19408]
  0x00000205fd0ec930 GCTaskThread "GC Thread#6" [stack: 0x000000384e900000,0x000000384ea00000] [id=3220]

Threads with active compile tasks:
C2 CompilerThread0      805 1238       4       java.lang.invoke.VarHandle::checkExactAccessMode (28 bytes)
C1 CompilerThread0      805 1242   !   3       java.security.MessageDigest$Delegate::of (84 bytes)
C2 CompilerThread1      806 1103       4       jdk.internal.jimage.ImageLocation::verify (218 bytes)

VM state: not at safepoint (normal execution)

VM Mutex/Monitor currently owned by a thread: None

Heap address: 0x00000000c0000000, size: 1024 MB, Compressed Oops mode: 32-bit

CDS archive(s) not mapped
Compressed class space mapped at: 0x0000000100000000-0x0000000140000000, reserved size: 1073741824
Narrow klass base: 0x0000000000000000, Narrow klass shift: 3, Narrow klass range: 0x140000000

GC Precious Log:
 CPUs: 8 total, 8 available
 Memory: 16291M
 Large Page Support: Disabled
 NUMA Support: Disabled
 Compressed Oops: Enabled (32-bit)
 Alignments: Space 512K, Generation 512K, Heap 2M
 Heap Min Capacity: 100M
 Heap Initial Capacity: 100M
 Heap Max Capacity: 1G
 Pre-touch: Disabled
 Parallel Workers: 8

Heap:
 PSYoungGen      total 29696K, used 14150K [0x00000000eab00000, 0x00000000ecc00000, 0x0000000100000000)
  eden space 25600K, 42% used [0x00000000eab00000,0x00000000eb596b28,0x00000000ec400000)
  from space 4096K, 80% used [0x00000000ec400000,0x00000000ec73b070,0x00000000ec800000)
  to   space 4096K, 0% used [0x00000000ec800000,0x00000000ec800000,0x00000000ecc00000)
 ParOldGen       total 68608K, used 16K [0x00000000c0000000, 0x00000000c4300000, 0x00000000eab00000)
  object space 68608K, 0% used [0x00000000c0000000,0x00000000c0004000,0x00000000c4300000)
 Metaspace       used 12533K, committed 12672K, reserved 1114112K
  class space    used 1230K, committed 1280K, reserved 1048576K

Card table byte_map: [0x00000205e2180000,0x00000205e2390000] _byte_map_base: 0x00000205e1b80000

Marking Bits: (ParMarkBitMap*) 0x00007ffd1628d0b0
 Begin Bits: [0x00000205f4450000, 0x00000205f5450000)
 End Bits:   [0x00000205f5450000, 0x00000205f6450000)

Polling page: 0x00000205e1f70000

Metaspace:

Usage:
  Non-class:     11.04 MB used.
      Class:      1.20 MB used.
       Both:     12.24 MB used.

Virtual space:
  Non-class space:       64.00 MB reserved,      11.12 MB ( 17%) committed,  1 nodes.
      Class space:        1.00 GB reserved,       1.25 MB ( <1%) committed,  1 nodes.
             Both:        1.06 GB reserved,      12.38 MB (  1%) committed. 

Chunk freelists:
   Non-Class:  4.16 MB
       Class:  14.59 MB
        Both:  18.75 MB

MaxMetaspaceSize: unlimited
CompressedClassSpaceSize: 1.00 GB
Initial GC threshold: 21.00 MB
Current GC threshold: 21.00 MB
CDS: off
MetaspaceReclaimPolicy: balanced
 - commit_granule_bytes: 65536.
 - commit_granule_words: 8192.
 - virtual_space_node_default_size: 8388608.
 - enlarge_chunks_in_place: 1.
 - new_chunks_are_fully_committed: 0.
 - uncommit_free_chunks: 1.
 - use_allocation_guard: 0.
 - handle_deallocations: 1.


Internal statistics:

num_allocs_failed_limit: 0.
num_arena_births: 40.
num_arena_deaths: 0.
num_vsnodes_births: 2.
num_vsnodes_deaths: 0.
num_space_committed: 198.
num_space_uncommitted: 0.
num_chunks_returned_to_freelist: 0.
num_chunks_taken_from_freelist: 162.
num_chunk_merges: 0.
num_chunk_splits: 109.
num_chunks_enlarged: 89.
num_inconsistent_stats: 0.

CodeHeap 'non-profiled nmethods': size=120000Kb used=499Kb max_used=499Kb free=119500Kb
 bounds [0x00000205ecf20000, 0x00000205ed190000, 0x00000205f4450000]
CodeHeap 'profiled nmethods': size=120000Kb used=2186Kb max_used=2186Kb free=117813Kb
 bounds [0x00000205e5450000, 0x00000205e56c0000, 0x00000205ec980000]
CodeHeap 'non-nmethods': size=5760Kb used=1149Kb max_used=1187Kb free=4610Kb
 bounds [0x00000205ec980000, 0x00000205ecbf0000, 0x00000205ecf20000]
 total_blobs=1688 nmethods=1245 adapters=358
 compilation: enabled
              stopped_count=0, restarted_count=0
 full_count=0

Compilation events (20 events):
Event: 0.753 Thread 0x00000205fb911ac0 nmethod 1140 0x00000205e5645d10 code [0x00000205e5645ec0, 0x00000205e5646138]
Event: 0.754 Thread 0x00000205fb911ac0 1141       3       java.util.ArrayList::addAll (76 bytes)
Event: 0.754 Thread 0x00000205fb911ac0 nmethod 1141 0x00000205e5646210 code [0x00000205e56463e0, 0x00000205e5646868]
Event: 0.755 Thread 0x00000205fcbeb020 nmethod 1135 0x00000205ecf90f90 code [0x00000205ecf91120, 0x00000205ecf915f8]
Event: 0.755 Thread 0x00000205fcbeb020 1136       4       java.lang.String::<init> (74 bytes)
Event: 0.758 Thread 0x00000205fcbeb020 nmethod 1136 0x00000205ecf91890 code [0x00000205ecf91a20, 0x00000205ecf91e18]
Event: 0.758 Thread 0x00000205fcbeb020 1142   !   4       lombok.patcher.ScriptManager$OurClassFileTransformer::transform (364 bytes)
Event: 0.759 Thread 0x00000205fb911ac0 1143       3       java.security.Provider$ServiceKey::equals (53 bytes)
Event: 0.759 Thread 0x00000205fb911ac0 nmethod 1143 0x00000205e5646a10 code [0x00000205e5646be0, 0x00000205e5647098]
Event: 0.759 Thread 0x00000205fb9111b0 nmethod 1129 0x00000205ecf91f90 code [0x00000205ecf92140, 0x00000205ecf92898]
Event: 0.762 Thread 0x00000205fb911ac0 1144   !   3       java.security.Provider$Service::newInstance (365 bytes)
Event: 0.765 Thread 0x00000205fb911ac0 nmethod 1144 0x00000205e5647210 code [0x00000205e56478a0, 0x00000205e564a548]
Event: 0.765 Thread 0x00000205fb911ac0 1146       3       jdk.internal.ref.CleanerImpl$PhantomCleanableRef::performCleanup (10 bytes)
Event: 0.765 Thread 0x00000205fb911ac0 nmethod 1146 0x00000205e564bd10 code [0x00000205e564bec0, 0x00000205e564c088]
Event: 0.765 Thread 0x00000205fb911ac0 1145   !   3       java.security.Provider$Service::newInstanceUtil (60 bytes)
Event: 0.766 Thread 0x00000205fb911ac0 nmethod 1145 0x00000205e564c190 code [0x00000205e564c460, 0x00000205e564d168]
Event: 0.767 Thread 0x00000205fb911ac0 1147       3       sun.security.jca.GetInstance::getInstance (28 bytes)
Event: 0.767 Thread 0x00000205fb911ac0 nmethod 1147 0x00000205e564d690 code [0x00000205e564d860, 0x00000205e564db78]
Event: 0.767 Thread 0x00000205fb911ac0 1148       3       sun.security.jca.GetInstance::checkSuperClass (68 bytes)
Event: 0.768 Thread 0x00000205fb9111b0 1150       4       java.util.Collections$UnmodifiableCollection$1::next (10 bytes)

GC Heap History (2 events):
Event: 0.601 GC heap before
{Heap before GC invocations=1 (full 0):
 PSYoungGen      total 29696K, used 25600K [0x00000000eab00000, 0x00000000ecc00000, 0x0000000100000000)
  eden space 25600K, 100% used [0x00000000eab00000,0x00000000ec400000,0x00000000ec400000)
  from space 4096K, 0% used [0x00000000ec800000,0x00000000ec800000,0x00000000ecc00000)
  to   space 4096K, 0% used [0x00000000ec400000,0x00000000ec400000,0x00000000ec800000)
 ParOldGen       total 68608K, used 0K [0x00000000c0000000, 0x00000000c4300000, 0x00000000eab00000)
  object space 68608K, 0% used [0x00000000c0000000,0x00000000c0000000,0x00000000c4300000)
 Metaspace       used 10996K, committed 11200K, reserved 1114112K
  class space    used 1097K, committed 1216K, reserved 1048576K
}
Event: 0.606 GC heap after
{Heap after GC invocations=1 (full 0):
 PSYoungGen      total 29696K, used 3308K [0x00000000eab00000, 0x00000000ecc00000, 0x0000000100000000)
  eden space 25600K, 0% used [0x00000000eab00000,0x00000000eab00000,0x00000000ec400000)
  from space 4096K, 80% used [0x00000000ec400000,0x00000000ec73b070,0x00000000ec800000)
  to   space 4096K, 0% used [0x00000000ec800000,0x00000000ec800000,0x00000000ecc00000)
 ParOldGen       total 68608K, used 16K [0x00000000c0000000, 0x00000000c4300000, 0x00000000eab00000)
  object space 68608K, 0% used [0x00000000c0000000,0x00000000c0004000,0x00000000c4300000)
 Metaspace       used 10996K, committed 11200K, reserved 1114112K
  class space    used 1097K, committed 1216K, reserved 1048576K
}

Dll operation events (8 events):
Event: 0.008 Loaded shared library c:\Users\mtwooood\.vscode\extensions\redhat.java-1.26.0-win32-x64\jre\17.0.9-win32-x86_64\bin\java.dll
Event: 0.121 Loaded shared library c:\Users\mtwooood\.vscode\extensions\redhat.java-1.26.0-win32-x64\jre\17.0.9-win32-x86_64\bin\zip.dll
Event: 0.128 Loaded shared library C:\Users\mtwooood\.vscode\extensions\redhat.java-1.26.0-win32-x64\jre\17.0.9-win32-x86_64\bin\instrument.dll
Event: 0.137 Loaded shared library C:\Users\mtwooood\.vscode\extensions\redhat.java-1.26.0-win32-x64\jre\17.0.9-win32-x86_64\bin\net.dll
Event: 0.139 Loaded shared library C:\Users\mtwooood\.vscode\extensions\redhat.java-1.26.0-win32-x64\jre\17.0.9-win32-x86_64\bin\nio.dll
Event: 0.147 Loaded shared library C:\Users\mtwooood\.vscode\extensions\redhat.java-1.26.0-win32-x64\jre\17.0.9-win32-x86_64\bin\zip.dll
Event: 0.162 Loaded shared library C:\Users\mtwooood\.vscode\extensions\redhat.java-1.26.0-win32-x64\jre\17.0.9-win32-x86_64\bin\jimage.dll
Event: 0.214 Loaded shared library c:\Users\mtwooood\.vscode\extensions\redhat.java-1.26.0-win32-x64\jre\17.0.9-win32-x86_64\bin\verify.dll

Deoptimization events (20 events):
Event: 0.557 Thread 0x00000205e27ad7a0 DEOPT PACKING pc=0x00000205ecf558dc sp=0x000000384d3fe060
Event: 0.557 Thread 0x00000205e27ad7a0 DEOPT UNPACKING pc=0x00000205ec9d66a3 sp=0x000000384d3fdfa8 mode 2
Event: 0.557 Thread 0x00000205e27ad7a0 Uncommon trap: trap_request=0xffffff45 fr.pc=0x00000205ecf61b98 relative=0x0000000000000098
Event: 0.557 Thread 0x00000205e27ad7a0 Uncommon trap: reason=unstable_if action=reinterpret pc=0x00000205ecf61b98 method=java.util.HashMap.hash(Ljava/lang/Object;)I @ 1 c2
Event: 0.557 Thread 0x00000205e27ad7a0 DEOPT PACKING pc=0x00000205ecf61b98 sp=0x000000384d3fdf10
Event: 0.557 Thread 0x00000205e27ad7a0 DEOPT UNPACKING pc=0x00000205ec9d66a3 sp=0x000000384d3fdea8 mode 2
Event: 0.674 Thread 0x00000205e27ad7a0 Uncommon trap: trap_request=0xffffff45 fr.pc=0x00000205ecf63ee4 relative=0x0000000000000f44
Event: 0.674 Thread 0x00000205e27ad7a0 Uncommon trap: reason=unstable_if action=reinterpret pc=0x00000205ecf63ee4 method=lombok.patcher.PatchScript.classMatches(Ljava/lang/String;Ljava/util/Collection;)Z @ 25 c2
Event: 0.674 Thread 0x00000205e27ad7a0 DEOPT PACKING pc=0x00000205ecf63ee4 sp=0x000000384d3f8240
Event: 0.674 Thread 0x00000205e27ad7a0 DEOPT UNPACKING pc=0x00000205ec9d66a3 sp=0x000000384d3f8198 mode 2
Event: 0.676 Thread 0x00000205e27ad7a0 DEOPT PACKING pc=0x00000205e54c1dc5 sp=0x000000384d3f76d0
Event: 0.676 Thread 0x00000205e27ad7a0 DEOPT UNPACKING pc=0x00000205ec9d6e43 sp=0x000000384d3f6b80 mode 0
Event: 0.688 Thread 0x00000205e27ad7a0 DEOPT PACKING pc=0x00000205e54c1dc5 sp=0x000000384d3f3ab0
Event: 0.688 Thread 0x00000205e27ad7a0 DEOPT UNPACKING pc=0x00000205ec9d6e43 sp=0x000000384d3f2f60 mode 0
Event: 0.695 Thread 0x00000205e27ad7a0 DEOPT PACKING pc=0x00000205e54c1dc5 sp=0x000000384d3f3ab0
Event: 0.695 Thread 0x00000205e27ad7a0 DEOPT UNPACKING pc=0x00000205ec9d6e43 sp=0x000000384d3f2f60 mode 0
Event: 0.697 Thread 0x00000205e27ad7a0 DEOPT PACKING pc=0x00000205e54c1dc5 sp=0x000000384d3f3ab0
Event: 0.697 Thread 0x00000205e27ad7a0 DEOPT UNPACKING pc=0x00000205ec9d6e43 sp=0x000000384d3f2f60 mode 0
Event: 0.702 Thread 0x00000205e27ad7a0 DEOPT PACKING pc=0x00000205e54c1dc5 sp=0x000000384d3f75e0
Event: 0.702 Thread 0x00000205e27ad7a0 DEOPT UNPACKING pc=0x00000205ec9d6e43 sp=0x000000384d3f6a90 mode 0

Classes unloaded (0 events):
No events

Classes redefined (0 events):
No events

Internal exceptions (20 events):
Event: 0.399 Thread 0x00000205e27ad7a0 Exception <a 'java/io/FileNotFoundException'{0x00000000eb8a5240}> (0x00000000eb8a5240) 
thrown [s\src\hotspot\share\prims\jni.cpp, line 516]
Event: 0.400 Thread 0x00000205e27ad7a0 Exception <a 'java/io/FileNotFoundException'{0x00000000eb8a6218}> (0x00000000eb8a6218) 
thrown [s\src\hotspot\share\prims\jni.cpp, line 516]
Event: 0.400 Thread 0x00000205e27ad7a0 Exception <a 'java/io/FileNotFoundException'{0x00000000eb8a71e8}> (0x00000000eb8a71e8) 
thrown [s\src\hotspot\share\prims\jni.cpp, line 516]
Event: 0.400 Thread 0x00000205e27ad7a0 Exception <a 'java/io/FileNotFoundException'{0x00000000eb8a81a8}> (0x00000000eb8a81a8) 
thrown [s\src\hotspot\share\prims\jni.cpp, line 516]
Event: 0.405 Thread 0x00000205e27ad7a0 Exception <a 'java/io/FileNotFoundException'{0x00000000eb8e2fa0}> (0x00000000eb8e2fa0) 
thrown [s\src\hotspot\share\prims\jni.cpp, line 516]
Event: 0.524 Thread 0x00000205e27ad7a0 Exception <a 'java/lang/ClassNotFoundException'{0x00000000ec0e3090}: sun/net/www/protocol/c/Handler> (0x00000000ec0e3090) 
thrown [s\src\hotspot\share\classfile\systemDictionary.cpp, line 256]
Event: 0.525 Thread 0x00000205e27ad7a0 Exception <a 'java/lang/ClassNotFoundException'{0x00000000ec0e4390}: sun/net/www/protocol/g/Handler> (0x00000000ec0e4390) 
thrown [s\src\hotspot\share\classfile\systemDictionary.cpp, line 256]
Event: 0.525 Thread 0x00000205e27ad7a0 Exception <a 'java/lang/ClassNotFoundException'{0x00000000ec0e54a0}: sun/net/www/protocol/c/Handler> (0x00000000ec0e54a0) 
thrown [s\src\hotspot\share\classfile\systemDictionary.cpp, line 256]
Event: 0.535 Thread 0x00000205e27ad7a0 Exception <a 'java/io/FileNotFoundException'{0x00000000ec1088f8}> (0x00000000ec1088f8) 
thrown [s\src\hotspot\share\prims\jni.cpp, line 516]
Event: 0.557 Thread 0x00000205e27ad7a0 Implicit null exception at 0x00000205ecf5fae0 to 0x00000205ecf60458
Event: 0.557 Thread 0x00000205e27ad7a0 Implicit null exception at 0x00000205ecf6d36c to 0x00000205ecf6d558
Event: 0.557 Thread 0x00000205e27ad7a0 Implicit null exception at 0x00000205ecf6ccec to 0x00000205ecf6ced4
Event: 0.557 Thread 0x00000205e27ad7a0 Implicit null exception at 0x00000205ecf61b0f to 0x00000205ecf61b89
Event: 0.592 Thread 0x00000205e27ad7a0 Exception <a 'java/lang/NoSuchMethodError'{0x00000000ec3d3df0}: 'int java.lang.invoke.DirectMethodHandle$Holder.invokeStaticInit(java.lang.Object, java.lang.Object, java.lang.Object, java.lang.Object)'> (0x00000000ec3d3df0) 
thrown [s\src\hotspot\share\interpreter\linkResolver.cpp, line 759]
Event: 0.595 Thread 0x00000205e27ad7a0 Exception <a 'java/lang/NoSuchMethodError'{0x00000000ec3de460}: 'java.lang.Object java.lang.invoke.DirectMethodHandle$Holder.invokeInterface(java.lang.Object, java.lang.Object)'> (0x00000000ec3de460) 
thrown [s\src\hotspot\share\interpreter\linkResolver.cpp, line 759]
Event: 0.595 Thread 0x00000205e27ad7a0 Exception <a 'java/lang/IncompatibleClassChangeError'{0x00000000ec3e1c58}: Found class java.lang.Object, but interface was expected> (0x00000000ec3e1c58) 
thrown [s\src\hotspot\share\interpreter\linkResolver.cpp, line 826]
Event: 0.596 Thread 0x00000205e27ad7a0 Exception <a 'java/lang/NoSuchMethodError'{0x00000000ec3e6148}: 'void java.lang.invoke.DirectMethodHandle$Holder.invokeStatic(java.lang.Object, java.lang.Object)'> (0x00000000ec3e6148) 
thrown [s\src\hotspot\share\interpreter\linkResolver.cpp, line 759]
Event: 0.597 Thread 0x00000205e27ad7a0 Exception <a 'java/lang/NoSuchMethodError'{0x00000000ec3e9948}: 'void java.lang.invoke.DirectMethodHandle$Holder.invokeStaticInit(java.lang.Object, java.lang.Object)'> (0x00000000ec3e9948) 
thrown [s\src\hotspot\share\interpreter\linkResolver.cpp, line 759]
Event: 0.598 Thread 0x00000205e27ad7a0 Exception <a 'java/lang/NoSuchMethodError'{0x00000000ec3f1db8}: 'int java.lang.invoke.DirectMethodHandle$Holder.invokeStaticInit(java.lang.Object, java.lang.Object)'> (0x00000000ec3f1db8) 
thrown [s\src\hotspot\share\interpreter\linkResolver.cpp, line 759]
Event: 0.633 Thread 0x00000205e27ad7a0 Exception <a 'java/lang/NoSuchMethodError'{0x00000000eac599f0}: 'void java.lang.invoke.DirectMethodHandle$Holder.invokeSpecial(java.lang.Object, java.lang.Object, java.lang.Object)'> (0x00000000eac599f0) 
thrown [s\src\hotspot\share\interpreter\linkResolver.cpp, line 759]

VM Operations (14 events):
Event: 0.105 Executing VM operation: HandshakeAllThreads
Event: 0.105 Executing VM operation: HandshakeAllThreads done
Event: 0.173 Executing VM operation: HandshakeAllThreads
Event: 0.173 Executing VM operation: HandshakeAllThreads done
Event: 0.384 Executing VM operation: HandshakeAllThreads
Event: 0.384 Executing VM operation: HandshakeAllThreads done
Event: 0.394 Executing VM operation: HandshakeAllThreads
Event: 0.394 Executing VM operation: HandshakeAllThreads done
Event: 0.511 Executing VM operation: HandshakeAllThreads
Event: 0.511 Executing VM operation: HandshakeAllThreads done
Event: 0.529 Executing VM operation: ICBufferFull
Event: 0.529 Executing VM operation: ICBufferFull done
Event: 0.601 Executing VM operation: ParallelGCFailedAllocation
Event: 0.606 Executing VM operation: ParallelGCFailedAllocation done

Events (20 events):
Event: 0.647 loading class java/util/concurrent/LinkedBlockingQueue$Node
Event: 0.647 loading class java/util/concurrent/LinkedBlockingQueue$Node done
Event: 0.654 loading class java/util/concurrent/Semaphore$NonfairSync
Event: 0.654 loading class java/util/concurrent/Semaphore$Sync
Event: 0.654 loading class java/util/concurrent/Semaphore$Sync done
Event: 0.654 loading class java/util/concurrent/Semaphore$NonfairSync done
Event: 0.682 loading class java/lang/TypeNotPresentException
Event: 0.682 loading class java/lang/TypeNotPresentException done
Event: 0.755 loading class java/security/InvalidKeyException
Event: 0.755 loading class java/security/KeyException
Event: 0.755 loading class java/security/KeyException done
Event: 0.755 loading class java/security/InvalidKeyException done
Event: 0.755 loading class java/security/SignatureException
Event: 0.755 loading class java/security/SignatureException done
Event: 0.755 loading class java/security/cert/CertificateException
Event: 0.755 loading class java/security/cert/CertificateException done
Event: 0.755 loading class java/security/NoSuchAlgorithmException
Event: 0.757 loading class java/security/NoSuchAlgorithmException done
Event: 0.757 loading class java/security/NoSuchProviderException
Event: 0.757 loading class java/security/NoSuchProviderException done


Dynamic libraries:
0x00007ff693640000 - 0x00007ff69364e000 	c:\Users\mtwooood\.vscode\extensions\redhat.java-1.26.0-win32-x64\jre\17.0.9-win32-x86_64\bin\java.exe
0x00007ffdbf5a0000 - 0x00007ffdbf7a9000 	C:\WINDOWS\SYSTEM32\ntdll.dll
0x00007ffdbde50000 - 0x00007ffdbdf0d000 	C:\WINDOWS\System32\KERNEL32.DLL
0x00007ffdbcc00000 - 0x00007ffdbcf84000 	C:\WINDOWS\System32\KERNELBASE.dll
0x00007ffdbd2d0000 - 0x00007ffdbd3e1000 	C:\WINDOWS\System32\ucrtbase.dll
0x00007ffd9c270000 - 0x00007ffd9c287000 	c:\Users\mtwooood\.vscode\extensions\redhat.java-1.26.0-win32-x64\jre\17.0.9-win32-x86_64\bin\jli.dll
0x00007ffd9be10000 - 0x00007ffd9be2b000 	c:\Users\mtwooood\.vscode\extensions\redhat.java-1.26.0-win32-x64\jre\17.0.9-win32-x86_64\bin\VCRUNTIME140.dll
0x00007ffdbf3b0000 - 0x00007ffdbf55d000 	C:\WINDOWS\System32\USER32.dll
0x00007ffdbd100000 - 0x00007ffdbd126000 	C:\WINDOWS\System32\win32u.dll
0x00007ffdbd500000 - 0x00007ffdbd52a000 	C:\WINDOWS\System32\GDI32.dll
0x00007ffdbd130000 - 0x00007ffdbd24e000 	C:\WINDOWS\System32\gdi32full.dll
0x00007ffdbcb60000 - 0x00007ffdbcbfd000 	C:\WINDOWS\System32\msvcp_win.dll
0x00007ffda5710000 - 0x00007ffda59b5000 	C:\WINDOWS\WinSxS\amd64_microsoft.windows.common-controls_6595b64144ccf1df_6.0.22000.120_none_9d947278b86cc467\COMCTL32.dll
0x00007ffdbdce0000 - 0x00007ffdbdd83000 	C:\WINDOWS\System32\msvcrt.dll
0x00007ffdbdd90000 - 0x00007ffdbddc1000 	C:\WINDOWS\System32\IMM32.DLL
0x00007ffda9170000 - 0x00007ffda917c000 	c:\Users\mtwooood\.vscode\extensions\redhat.java-1.26.0-win32-x64\jre\17.0.9-win32-x86_64\bin\vcruntime140_1.dll
0x00007ffd80560000 - 0x00007ffd805ed000 	c:\Users\mtwooood\.vscode\extensions\redhat.java-1.26.0-win32-x64\jre\17.0.9-win32-x86_64\bin\msvcp140.dll
0x00007ffd156f0000 - 0x00007ffd16351000 	c:\Users\mtwooood\.vscode\extensions\redhat.java-1.26.0-win32-x64\jre\17.0.9-win32-x86_64\bin\server\jvm.dll
0x00007ffdbd3f0000 - 0x00007ffdbd49e000 	C:\WINDOWS\System32\ADVAPI32.dll
0x00007ffdbd590000 - 0x00007ffdbd62e000 	C:\WINDOWS\System32\sechost.dll
0x00007ffdbdb40000 - 0x00007ffdbdc61000 	C:\WINDOWS\System32\RPCRT4.dll
0x00007ffdbbf40000 - 0x00007ffdbbf8d000 	C:\WINDOWS\SYSTEM32\POWRPROF.dll
0x00007ffda52d0000 - 0x00007ffda52d9000 	C:\WINDOWS\SYSTEM32\WSOCK32.dll
0x00007ffdb5c20000 - 0x00007ffdb5c2a000 	C:\WINDOWS\SYSTEM32\VERSION.dll
0x00007ffdb5c30000 - 0x00007ffdb5c63000 	C:\WINDOWS\SYSTEM32\WINMM.dll
0x00007ffdbdc70000 - 0x00007ffdbdcdf000 	C:\WINDOWS\System32\WS2_32.dll
0x00007ffdbbdb0000 - 0x00007ffdbbdc3000 	C:\WINDOWS\SYSTEM32\UMPDC.dll
0x00007ffdbbb10000 - 0x00007ffdbbb28000 	C:\WINDOWS\SYSTEM32\kernel.appcore.dll
0x00007ffda8170000 - 0x00007ffda817a000 	c:\Users\mtwooood\.vscode\extensions\redhat.java-1.26.0-win32-x64\jre\17.0.9-win32-x86_64\bin\jimage.dll
0x00007ffdba390000 - 0x00007ffdba5b1000 	C:\WINDOWS\SYSTEM32\DBGHELP.DLL
0x00007ffd88390000 - 0x00007ffd883c1000 	C:\WINDOWS\SYSTEM32\dbgcore.DLL
0x00007ffdbd250000 - 0x00007ffdbd2cf000 	C:\WINDOWS\System32\bcryptPrimitives.dll
0x00007ffda7cc0000 - 0x00007ffda7cce000 	c:\Users\mtwooood\.vscode\extensions\redhat.java-1.26.0-win32-x64\jre\17.0.9-win32-x86_64\bin\instrument.dll
0x00007ffd98ab0000 - 0x00007ffd98ad5000 	c:\Users\mtwooood\.vscode\extensions\redhat.java-1.26.0-win32-x64\jre\17.0.9-win32-x86_64\bin\java.dll
0x00007ffd998d0000 - 0x00007ffd998e8000 	c:\Users\mtwooood\.vscode\extensions\redhat.java-1.26.0-win32-x64\jre\17.0.9-win32-x86_64\bin\zip.dll
0x00007ffdbe870000 - 0x00007ffdbf035000 	C:\WINDOWS\System32\SHELL32.dll
0x00007ffdbab00000 - 0x00007ffdbb362000 	C:\WINDOWS\SYSTEM32\windows.storage.dll
0x00007ffdbdfa0000 - 0x00007ffdbe316000 	C:\WINDOWS\System32\combase.dll
0x00007ffdba990000 - 0x00007ffdbaaf7000 	C:\WINDOWS\SYSTEM32\wintypes.dll
0x00007ffdbe780000 - 0x00007ffdbe86a000 	C:\WINDOWS\System32\SHCORE.dll
0x00007ffdbd530000 - 0x00007ffdbd58d000 	C:\WINDOWS\System32\shlwapi.dll
0x00007ffdbc960000 - 0x00007ffdbc985000 	C:\WINDOWS\SYSTEM32\profapi.dll
0x00007ffd991e0000 - 0x00007ffd991f9000 	C:\Users\mtwooood\.vscode\extensions\redhat.java-1.26.0-win32-x64\jre\17.0.9-win32-x86_64\bin\net.dll
0x00007ffdb63f0000 - 0x00007ffdb6504000 	C:\WINDOWS\SYSTEM32\WINHTTP.dll
0x00007ffdbc040000 - 0x00007ffdbc0a7000 	C:\WINDOWS\system32\mswsock.dll
0x00007ffd96710000 - 0x00007ffd96726000 	C:\Users\mtwooood\.vscode\extensions\redhat.java-1.26.0-win32-x64\jre\17.0.9-win32-x86_64\bin\nio.dll
0x00007ffd9f1f0000 - 0x00007ffd9f200000 	c:\Users\mtwooood\.vscode\extensions\redhat.java-1.26.0-win32-x64\jre\17.0.9-win32-x86_64\bin\verify.dll

dbghelp: loaded successfully - version: 4.0.5 - missing functions: none
symbol engine: initialized successfully - sym options: 0x614 - pdb path: .;c:\Users\mtwooood\.vscode\extensions\redhat.java-1.26.0-win32-x64\jre\17.0.9-win32-x86_64\bin;C:\WINDOWS\SYSTEM32;C:\WINDOWS\WinSxS\amd64_microsoft.windows.common-controls_6595b64144ccf1df_6.0.22000.120_none_9d947278b86cc467;c:\Users\mtwooood\.vscode\extensions\redhat.java-1.26.0-win32-x64\jre\17.0.9-win32-x86_64\bin\server

VM Arguments:
jvm_args: --add-modules=ALL-SYSTEM --add-opens=java.base/java.util=ALL-UNNAMED --add-opens=java.base/java.lang=ALL-UNNAMED --add-opens=java.base/sun.nio.fs=ALL-UNNAMED -Declipse.application=org.eclipse.jdt.ls.core.id1 -Dosgi.bundles.defaultStartLevel=4 -Declipse.product=org.eclipse.jdt.ls.core.product -Djava.import.generatesMetadataFilesAtProjectRoot=false -DDetectVMInstallationsJob.disabled=true -Dfile.encoding=utf8 -XX:+UseParallelGC -XX:GCTimeRatio=4 -XX:AdaptiveSizePolicyWeight=90 -Dsun.zip.disableMemoryMapping=true -Xmx1G -Xms100m -Xlog:disable -javaagent:c:\Users\mtwooood\.vscode\extensions\redhat.java-1.26.0-win32-x64\lombok\lombok-1.18.31-3454.jar 
java_command: c:\Users\mtwooood\.vscode\extensions\redhat.java-1.26.0-win32-x64\server\plugins\org.eclipse.equinox.launcher_1.6.700.v20231214-2017.jar -configuration c:\Users\mtwooood\AppData\Roaming\Code\User\globalStorage\redhat.java\1.26.0\config_ss_win -data c:\Users\mtwooood\AppData\Roaming\Code\User\workspaceStorage\ef6047e940240b52a87e6511b6b738c2\redhat.java\ss_ws --stdio
java_class_path (initial): c:\Users\mtwooood\.vscode\extensions\redhat.java-1.26.0-win32-x64\server\plugins\org.eclipse.equinox.launcher_1.6.700.v20231214-2017.jar
Launcher Type: SUN_STANDARD

[Global flags]
    uintx AdaptiveSizePolicyWeight                 = 90                                        {product} {command line}
     intx CICompilerCount                          = 4                                         {product} {ergonomic}
    uintx GCTimeRatio                              = 4                                         {product} {command line}
   size_t InitialHeapSize                          = 104857600                                 {product} {command line}
   size_t MaxHeapSize                              = 1073741824                                {product} {command line}
   size_t MaxNewSize                               = 357564416                                 {product} {ergonomic}
   size_t MinHeapDeltaBytes                        = 524288                                    {product} {ergonomic}
   size_t MinHeapSize                              = 104857600                                 {product} {command line}
   size_t NewSize                                  = 34603008                                  {product} {ergonomic}
    uintx NonNMethodCodeHeapSize                   = 5839372                                {pd product} {ergonomic}
    uintx NonProfiledCodeHeapSize                  = 122909434                              {pd product} {ergonomic}
   size_t OldSize                                  = 70254592                                  {product} {ergonomic}
    uintx ProfiledCodeHeapSize                     = 122909434                              {pd product} {ergonomic}
    uintx ReservedCodeCacheSize                    = 251658240                              {pd product} {ergonomic}
     bool SegmentedCodeCache                       = true                                      {product} {ergonomic}
   size_t SoftMaxHeapSize                          = 1073741824                             {manageable} {ergonomic}
     bool UseCompressedClassPointers               = true                           {product lp64_product} {ergonomic}
     bool UseCompressedOops                        = true                           {product lp64_product} {ergonomic}
     bool UseLargePagesIndividualAllocation        = false                                  {pd product} {ergonomic}
     bool UseParallelGC                            = true                                      {product} {command line}

Logging:
Log output configuration:
 #0: stdout all=off uptime,level,tags
 #1: stderr all=off uptime,level,tags

Environment Variables:
JAVA_HOME=G:\java
CLASSPATH=.;G:\java\lib\dt.jar;G:\java\lib\tools.jar
PATH=G:\openssl\OpenSSL-Win64\bin;F:\pyth11\Scripts\;F:\pyth11\;F:\pyth\Scripts\;F:\pyth\;G:\vmware\bin\;C:\Windows\system32;C:\Windows;C:\Windows\System32\Wbem;C:\Windows\System32\WindowsPowerShell\v1.0\;C:\Windows\System32\OpenSSH\;C:\Program Files\NVIDIA Corporation\NVIDIA NvDLISR;C:\WINDOWS\system32;C:\WINDOWS;C:\WINDOWS\System32\Wbem;C:\WINDOWS\System32\WindowsPowerShell\v1.0\;C:\WINDOWS\System32\OpenSSH\;C:\Program Files (x86)\NVIDIA Corporation\PhysX\Common;C:\Program Files\dotnet\;C:\Program Files (x86)\dotnet\;G:\mingw\bin;D:\Git\cmd;C:\Program Files (x86)\ZeroTier\One\;G:\java\bin;G:\java\jre\bin;G:\php\php-8.2.11-Win32-vs16-x64;F:\pyth;F:\pyth\Scripts;G:\mingw\var\lib\mingw-get\data;G:\bandzip\Bandizip\;G:\nodejs\;G:\android_studio\android_sdk\platform-tools;G:\nvim\nvim-win64\bin;C:\Program Files\Microsoft SQL Server\150\Tools\Binn\;C:\Users\mtwooood\AppData\Local\Microsoft\WindowsApps;E:\QQGame\Hall.57734\;D:\Microsoft VS Code\bin;E:\pycharm\PyCharm Community Edition 2023.2.3\bin;C:\Users\mtwooood\AppData\Roaming\npm;G:\idea\IntelliJ IDEA Community Edition 2023.3.2\bin;C:\Users\mtwooood\.dotnet\tools
USERNAME=mtwooood
OS=Windows_NT
PROCESSOR_IDENTIFIER=Intel64 Family 6 Model 165 Stepping 2, GenuineIntel
TMP=C:\Users\mtwooood\AppData\Local\Temp
TEMP=C:\Users\mtwooood\AppData\Local\Temp



Periodic native trim disabled


---------------  S Y S T E M  ---------------

OS:
 Windows 11 , 64 bit Build 22000 (10.0.22000.2538)
OS uptime: 3 days 2:17 hours

CPU: total 8 (initial active 8) (4 cores per cpu, 2 threads per core) family 6 model 165 stepping 2 microcode 0xe2, cx8, cmov, fxsr, ht, mmx, 3dnowpref, sse, sse2, sse3, ssse3, sse4.1, sse4.2, popcnt, lzcnt, tsc, tscinvbit, avx, avx2, aes, erms, clmul, bmi1, bmi2, adx, fma, vzeroupper, clflush, clflushopt
Processor Information for all 8 processors :
  Max Mhz: 2400, Current Mhz: 2400, Mhz Limit: 2400

Memory: 4k page, system-wide physical 16291M (4142M free)
TotalPageFile size 33856M (AvailPageFile size 57M)
current process WorkingSet (physical memory assigned to process): 81M, peak: 81M
current process commit charge ("private bytes"): 202M, peak: 203M

vm_info: OpenJDK 64-Bit Server VM (17.0.9+9) for windows-amd64 JRE (17.0.9+9), built on Oct 26 2023 14:01:42 by "admin" with MS VC++ 16.10 / 16.11 (VS2019)

END.
